<?xml version="1.0" encoding="UTF-8"?>
<testsuite name="SILab2Test" tests="2" skipped="0" failures="0" errors="0" timestamp="2020-06-11T10:28:34" hostname="DESKTOP-DR5JD6G" time="0.016">
  <properties/>
  <testcase name="every_path_test()" classname="SILab2Test" time="0.014"/>
  <testcase name="every_branch_test()" classname="SILab2Test" time="0.001"/>
  <system-out><![CDATA[]]></system-out>
  <system-err><![CDATA[]]></system-err>
</testsuite>
